TEST : 0
TEST : 0 - OPERATOR[]

empty : 0
size : 1
content : 
0 => 
reverse content : 
0 => 
empty : 1
size : 0
TEST : 1
TEST : 1 - FAKE ALLOCATOR
Vade retro fake allocator
empty : 0
size : 1
content : 
0 => 
reverse content : 
0 => 
empty : 1
size : 0
TEST : 2
TEST : 2 - CONSTRUCTORS
empty : 1
size : 0
empty : 0
size : 1
content : 
0 => 
reverse content : 
0 => 
empty : 0
size : 1
content : 
0 => 
reverse content : 
0 => 
empty : 1
size : 0
TEST : 3
TEST : 3 - COPY CONSTRUCTOR
empty : 0
size : 1
content : 
0 => 
reverse content : 
0 => 
empty : 1
size : 0
empty : 0
size : 1
content : 
0 => 
reverse content : 
0 => 
empty : 1
size : 0
TEST : 4
TEST : 4 - OPERATOR[]


empty : 0
size : 1
content : 
0 => 
reverse content : 
0 => 
empty : 0
size : 1
content : 
0 => 
reverse content : 
0 => 
TEST : 5
TEST : 5 - OPERATOR[]


empty : 0
size : 1
content : 
0 => 
reverse content : 
0 => 
empty : 0
size : 2
content : 
0 => 
1 => 
reverse content : 
1 => 
0 => 
TEST : 6
TEST : 6 - CONSTRUCTORS
empty : 0
size : 2
content : 
0 => 
1 => 
reverse content : 
1 => 
0 => 
empty : 0
size : 1
content : 
0 => 
reverse content : 
0 => 
empty : 0
size : 1
content : 
0 => 
reverse content : 
0 => 
empty : 0
size : 2
content : 
0 => 
1 => 
reverse content : 
1 => 
0 => 
TEST : 7
TEST : 7 - FAKE ALLOCATOR
Vade retro fake allocator
empty : 0
size : 1
content : 
0 => 
reverse content : 
0 => 
empty : 0
size : 2
content : 
0 => 
1 => 
reverse content : 
1 => 
0 => 
TEST : 8
TEST : 8 - BOUNDS

empty : 0
size : 1
content : 
0 => 
reverse content : 
0 => 
empty : 0
size : 2
content : 
0 => 
1 => 
reverse content : 
1 => 
0 => 
TEST : 9
TEST : 9 - CONSTRUCTORS
empty : 0
size : 1
content : 
0 => 
reverse content : 
0 => 
empty : 0
size : 2
content : 
0 => 
1 => 
reverse content : 
1 => 
0 => 
empty : 0
size : 1
content : 
0 => 
reverse content : 
0 => 
empty : 0
size : 2
content : 
0 => 
1 => 
reverse content : 
1 => 
0 => 
TEST : 10
TEST : 10 - OPERATOR[]


empty : 0
size : 1
content : 
0 => 
reverse content : 
0 => 
empty : 0
size : 3
content : 
0 => 
1 => 
2 => 
reverse content : 
2 => 
1 => 
0 => 
TEST : 11
TEST : 11 - OPERATOR[]


empty : 0
size : 1
content : 
0 => 
reverse content : 
0 => 
empty : 0
size : 4
content : 
0 => 
1 => 
2 => 
3 => 
reverse content : 
3 => 
2 => 
1 => 
0 => 
TEST : 12
TEST : 12 - COPY CONSTRUCTOR
empty : 0
size : 1
content : 
0 => 
reverse content : 
0 => 
empty : 0
size : 4
content : 
0 => 
1 => 
2 => 
3 => 
reverse content : 
3 => 
2 => 
1 => 
0 => 
empty : 0
size : 1
content : 
0 => 
reverse content : 
0 => 
empty : 0
size : 4
content : 
0 => 
1 => 
2 => 
3 => 
reverse content : 
3 => 
2 => 
1 => 
0 => 
TEST : 13
TEST : 13 - CLEAR
empty : 0
size : 1
content : 
0 => 
reverse content : 
0 => 
empty : 1
size : 0
TEST : 14
TEST : 14 - FAKE ALLOCATOR
Vade retro fake allocator
empty : 0
size : 1
content : 
0 => 
reverse content : 
0 => 
empty : 1
size : 0
TEST : 15
TEST : 15 - OPERATOR=
empty : 1
size : 0
empty : 1
size : 0
empty : 1
size : 0
empty : 0
size : 1
content : 
0 => 
reverse content : 
0 => 
TEST : 16
TEST : 16 - OPERATOR[]


empty : 0
size : 1
content : 
0 => 
reverse content : 
0 => 
empty : 0
size : 1
content : 
0 => 
reverse content : 
0 => 
TEST : 17
TEST : 17 - BOUNDS
empty : 0
size : 1
content : 
0 => 
reverse content : 
0 => 
empty : 0
size : 1
content : 
0 => 
reverse content : 
0 => 
TEST : 18
TEST : 18 - ERASE
empty : 1
size : 0
empty : 1
size : 0
TEST : 19
TEST : 19 - OPERATOR=
empty : 1
size : 0
empty : 1
size : 0
empty : 1
size : 0
empty : 1
size : 0
TEST : 20
TEST : 20 - INSERT
empty : 1
size : 0
empty : 1
size : 0
TEST : 21
TEST : 21 - ERASE
empty : 1
size : 0
empty : 1
size : 0
TEST : 22
TEST : 22 - CLEAR
empty : 1
size : 0
empty : 1
size : 0
TEST : 23
TEST : 23 - BOUNDS
empty : 1
size : 0
empty : 1
size : 0
TEST : 24
TEST : 24 - OPERATOR=
empty : 1
size : 0
empty : 1
size : 0
empty : 1
size : 0
empty : 1
size : 0
TEST : 25
TEST : 25 - CONSTRUCTORS
empty : 1
size : 0
empty : 1
size : 0
empty : 1
size : 0
empty : 1
size : 0
TEST : 26
TEST : 26 - OPERATOR[]

empty : 1
size : 0
empty : 0
size : 1
content : 
0 => 
reverse content : 
0 => 
TEST : 27
TEST : 27 - COPY CONSTRUCTOR
empty : 0
size : 1
content : 
0 => 
reverse content : 
0 => 
empty : 1
size : 0
empty : 1
size : 0
empty : 0
size : 1
content : 
0 => 
reverse content : 
0 => 
TEST : 28
TEST : 28 - INSERT
empty : 1
size : 0
empty : 0
size : 1
content : 
0 => 
reverse content : 
0 => 
TEST : 29
TEST : 29 - COPY CONSTRUCTOR
empty : 0
size : 1
content : 
0 => 
reverse content : 
0 => 
empty : 1
size : 0
empty : 1
size : 0
empty : 0
size : 1
content : 
0 => 
reverse content : 
0 => 
TEST : 30
TEST : 30 - CLEAR
empty : 1
size : 0
empty : 0
size : 1
content : 
0 => 
reverse content : 
0 => 
TEST : 31
TEST : 31 - CLEAR
empty : 1
size : 0
empty : 0
size : 1
content : 
0 => 
reverse content : 
0 => 
TEST : 32
TEST : 32 - CLEAR
empty : 1
size : 0
empty : 0
size : 1
content : 
0 => 
reverse content : 
0 => 
TEST : 33
TEST : 33 - CONSTRUCTORS
empty : 0
size : 1
content : 
0 => 
reverse content : 
0 => 
empty : 1
size : 0
empty : 1
size : 0
empty : 0
size : 1
content : 
0 => 
reverse content : 
0 => 
TEST : 34
TEST : 34 - OPERATOR[]

empty : 1
size : 0
empty : 0
size : 2
content : 
0 => 
1 => 
reverse content : 
1 => 
0 => 
TEST : 35
TEST : 35 - COPY CONSTRUCTOR
empty : 0
size : 2
content : 
0 => 
1 => 
reverse content : 
1 => 
0 => 
empty : 1
size : 0
empty : 1
size : 0
empty : 0
size : 2
content : 
0 => 
1 => 
reverse content : 
1 => 
0 => 
TEST : 36
TEST : 36 - FAKE ALLOCATOR
Vade retro fake allocator
empty : 1
size : 0
empty : 0
size : 2
content : 
0 => 
1 => 
reverse content : 
1 => 
0 => 
TEST : 37
TEST : 37 - ERASE
empty : 1
size : 0
empty : 1
size : 0
TEST : 38
TEST : 38 - COPY CONSTRUCTOR
empty : 1
size : 0
empty : 1
size : 0
empty : 1
size : 0
empty : 1
size : 0
TEST : 39
TEST : 39 - BOUNDS
empty : 1
size : 0
empty : 1
size : 0
TEST : 40
TEST : 40 - CONSTRUCTORS
empty : 1
size : 0
empty : 1
size : 0
empty : 1
size : 0
empty : 1
size : 0
TEST : 41
TEST : 41 - FAKE ALLOCATOR
empty : 1
size : 0
empty : 1
size : 0
TEST : 42
TEST : 42 - FAKE ALLOCATOR
empty : 1
size : 0
empty : 1
size : 0
TEST : 43
TEST : 43 - INSERT
pair<iterator,bool> insert (const value_type& val) test (1 if ok) : 1
pair<iterator,bool> insert (const value_type& val) test (1 if ok) : 1
pair<iterator,bool> insert (const value_type& val) test (1 if ok) : 1
pair<iterator,bool> insert (const value_type& val) test (1 if ok) : 1
empty : 0
size : 4
content : 
1280228081 => there are many tests
1587639323 => This is a test
1692432651 => euismod mi ut, tristique lorem.
2089654450 => consectetur adipiscing elit.
reverse content : 
2089654450 => consectetur adipiscing elit.
1692432651 => euismod mi ut, tristique lorem.
1587639323 => This is a test
1280228081 => there are many tests
empty : 1
size : 0
TEST : 44
TEST : 44 - ERASE
empty : 1
size : 0
empty : 1
size : 0
TEST : 45
TEST : 45 - CONSTRUCTORS
empty : 1
size : 0
empty : 1
size : 0
empty : 1
size : 0
empty : 1
size : 0
TEST : 46
TEST : 46 - ERASE
empty : 1
size : 0
empty : 1
size : 0
TEST : 47
TEST : 47 - CONSTRUCTORS
empty : 1
size : 0
empty : 1
size : 0
empty : 1
size : 0
empty : 1
size : 0
TEST : 48
TEST : 48 - OPERATOR=
empty : 1
size : 0
empty : 1
size : 0
empty : 1
size : 0
empty : 1
size : 0
TEST : 49
TEST : 49 - CLEAR
empty : 1
size : 0
empty : 1
size : 0
TEST : 50
TEST : 50 - OPERATOR[]

empty : 1
size : 0
empty : 0
size : 1
content : 
0 => 
reverse content : 
0 => 
TEST : 51
TEST : 51 - ERASE
empty : 1
size : 0
empty : 1
size : 0
TEST : 52
TEST : 52 - CLEAR
empty : 1
size : 0
empty : 1
size : 0
TEST : 53
TEST : 53 - COPY CONSTRUCTOR
empty : 1
size : 0
empty : 1
size : 0
empty : 1
size : 0
empty : 1
size : 0
TEST : 54
TEST : 54 - COPY CONSTRUCTOR
empty : 1
size : 0
empty : 1
size : 0
empty : 1
size : 0
empty : 1
size : 0
TEST : 55
TEST : 55 - OPERATOR=
empty : 1
size : 0
empty : 1
size : 0
empty : 1
size : 0
empty : 1
size : 0
TEST : 56
TEST : 56 - INSERT
pair<iterator,bool> insert (const value_type& val) test (1 if ok) : 1
pair<iterator,bool> insert (const value_type& val) test (1 if ok) : 1
empty : 1
size : 0
empty : 0
size : 2
content : 
473000824 => eget pretium velit vehicula et.
1857873889 => Phasellus ut rutrum ante.
reverse content : 
1857873889 => Phasellus ut rutrum ante.
473000824 => eget pretium velit vehicula et.
TEST : 57
TEST : 57 - BOUNDS
empty : 1
size : 0
empty : 0
size : 2
content : 
473000824 => eget pretium velit vehicula et.
1857873889 => Phasellus ut rutrum ante.
reverse content : 
1857873889 => Phasellus ut rutrum ante.
473000824 => eget pretium velit vehicula et.
TEST : 58
TEST : 58 - CLEAR
empty : 1
size : 0
empty : 1
size : 0
TEST : 59
TEST : 59 - ERASE
empty : 1
size : 0
empty : 1
size : 0
TEST : 60
TEST : 60 - FAKE ALLOCATOR
empty : 1
size : 0
empty : 1
size : 0
TEST : 61
TEST : 61 - BOUNDS
empty : 1
size : 0
empty : 1
size : 0
TEST : 62
TEST : 62 - CLEAR
empty : 1
size : 0
empty : 1
size : 0
TEST : 63
TEST : 63 - OPERATOR=
empty : 1
size : 0
empty : 1
size : 0
empty : 1
size : 0
empty : 1
size : 0
TEST : 64
TEST : 64 - CONSTRUCTORS
empty : 1
size : 0
empty : 1
size : 0
empty : 1
size : 0
empty : 1
size : 0
TEST : 65
TEST : 65 - BOUNDS
empty : 1
size : 0
empty : 1
size : 0
TEST : 66
TEST : 66 - FAKE ALLOCATOR
empty : 1
size : 0
empty : 1
size : 0
TEST : 67
TEST : 67 - FAKE ALLOCATOR
empty : 1
size : 0
empty : 1
size : 0
TEST : 68
TEST : 68 - INSERT
pair<iterator,bool> insert (const value_type& val) test (1 if ok) : 1
pair<iterator,bool> insert (const value_type& val) test (1 if ok) : 1
pair<iterator,bool> insert (const value_type& val) test (1 if ok) : 1
pair<iterator,bool> insert (const value_type& val) test (1 if ok) : 1
pair<iterator,bool> insert (const value_type& val) test (1 if ok) : 1
pair<iterator,bool> insert (const value_type& val) test (1 if ok) : 1
pair<iterator,bool> insert (const value_type& val) test (1 if ok) : 1
pair<iterator,bool> insert (const value_type& val) test (1 if ok) : 1
pair<iterator,bool> insert (const value_type& val) test (1 if ok) : 1
pair<iterator,bool> insert (const value_type& val) test (1 if ok) : 1
empty : 1
size : 0
empty : 0
size : 10
content : 
15551659 => Curabitur elementum enim
666125869 => there are many tests
1032712258 => eget pretium velit vehicula et.
1061156730 => eget pretium velit vehicula et.
1456469273 => there are many tests
1577576182 => nisi id scelerisque.
1699625757 => Phasellus ut rutrum ante.
1816448222 => nisi id scelerisque.
2071796201 => Phasellus ut rutrum ante.
2079076780 => nisi id scelerisque.
reverse content : 
2079076780 => nisi id scelerisque.
2071796201 => Phasellus ut rutrum ante.
1816448222 => nisi id scelerisque.
1699625757 => Phasellus ut rutrum ante.
1577576182 => nisi id scelerisque.
1456469273 => there are many tests
1061156730 => eget pretium velit vehicula et.
1032712258 => eget pretium velit vehicula et.
666125869 => there are many tests
15551659 => Curabitur elementum enim
TEST : 69
TEST : 69 - CONSTRUCTORS
empty : 0
size : 10
content : 
15551659 => Curabitur elementum enim
666125869 => there are many tests
1032712258 => eget pretium velit vehicula et.
1061156730 => eget pretium velit vehicula et.
1456469273 => there are many tests
1577576182 => nisi id scelerisque.
1699625757 => Phasellus ut rutrum ante.
1816448222 => nisi id scelerisque.
2071796201 => Phasellus ut rutrum ante.
2079076780 => nisi id scelerisque.
reverse content : 
2079076780 => nisi id scelerisque.
2071796201 => Phasellus ut rutrum ante.
1816448222 => nisi id scelerisque.
1699625757 => Phasellus ut rutrum ante.
1577576182 => nisi id scelerisque.
1456469273 => there are many tests
1061156730 => eget pretium velit vehicula et.
1032712258 => eget pretium velit vehicula et.
666125869 => there are many tests
15551659 => Curabitur elementum enim
empty : 1
size : 0
empty : 1
size : 0
empty : 0
size : 10
content : 
15551659 => Curabitur elementum enim
666125869 => there are many tests
1032712258 => eget pretium velit vehicula et.
1061156730 => eget pretium velit vehicula et.
1456469273 => there are many tests
1577576182 => nisi id scelerisque.
1699625757 => Phasellus ut rutrum ante.
1816448222 => nisi id scelerisque.
2071796201 => Phasellus ut rutrum ante.
2079076780 => nisi id scelerisque.
reverse content : 
2079076780 => nisi id scelerisque.
2071796201 => Phasellus ut rutrum ante.
1816448222 => nisi id scelerisque.
1699625757 => Phasellus ut rutrum ante.
1577576182 => nisi id scelerisque.
1456469273 => there are many tests
1061156730 => eget pretium velit vehicula et.
1032712258 => eget pretium velit vehicula et.
666125869 => there are many tests
15551659 => Curabitur elementum enim
TEST : 70
TEST : 70 - ERASE
empty : 1
size : 0
empty : 0
size : 9
content : 
666125869 => there are many tests
1032712258 => eget pretium velit vehicula et.
1061156730 => eget pretium velit vehicula et.
1456469273 => there are many tests
1577576182 => nisi id scelerisque.
1699625757 => Phasellus ut rutrum ante.
1816448222 => nisi id scelerisque.
2071796201 => Phasellus ut rutrum ante.
2079076780 => nisi id scelerisque.
reverse content : 
2079076780 => nisi id scelerisque.
2071796201 => Phasellus ut rutrum ante.
1816448222 => nisi id scelerisque.
1699625757 => Phasellus ut rutrum ante.
1577576182 => nisi id scelerisque.
1456469273 => there are many tests
1061156730 => eget pretium velit vehicula et.
1032712258 => eget pretium velit vehicula et.
666125869 => there are many tests
TEST : 71
TEST : 71 - BOUNDS
2079076780
empty : 1
size : 0
empty : 0
size : 9
content : 
666125869 => there are many tests
1032712258 => eget pretium velit vehicula et.
1061156730 => eget pretium velit vehicula et.
1456469273 => there are many tests
1577576182 => nisi id scelerisque.
1699625757 => Phasellus ut rutrum ante.
1816448222 => nisi id scelerisque.
2071796201 => Phasellus ut rutrum ante.
2079076780 => nisi id scelerisque.
reverse content : 
2079076780 => nisi id scelerisque.
2071796201 => Phasellus ut rutrum ante.
1816448222 => nisi id scelerisque.
1699625757 => Phasellus ut rutrum ante.
1577576182 => nisi id scelerisque.
1456469273 => there are many tests
1061156730 => eget pretium velit vehicula et.
1032712258 => eget pretium velit vehicula et.
666125869 => there are many tests
TEST : 72
TEST : 72 - FAKE ALLOCATOR
Vade retro fake allocator
empty : 1
size : 0
empty : 0
size : 9
content : 
666125869 => there are many tests
1032712258 => eget pretium velit vehicula et.
1061156730 => eget pretium velit vehicula et.
1456469273 => there are many tests
1577576182 => nisi id scelerisque.
1699625757 => Phasellus ut rutrum ante.
1816448222 => nisi id scelerisque.
2071796201 => Phasellus ut rutrum ante.
2079076780 => nisi id scelerisque.
reverse content : 
2079076780 => nisi id scelerisque.
2071796201 => Phasellus ut rutrum ante.
1816448222 => nisi id scelerisque.
1699625757 => Phasellus ut rutrum ante.
1577576182 => nisi id scelerisque.
1456469273 => there are many tests
1061156730 => eget pretium velit vehicula et.
1032712258 => eget pretium velit vehicula et.
666125869 => there are many tests
TEST : 73
TEST : 73 - COPY CONSTRUCTOR
empty : 0
size : 9
content : 
666125869 => there are many tests
1032712258 => eget pretium velit vehicula et.
1061156730 => eget pretium velit vehicula et.
1456469273 => there are many tests
1577576182 => nisi id scelerisque.
1699625757 => Phasellus ut rutrum ante.
1816448222 => nisi id scelerisque.
2071796201 => Phasellus ut rutrum ante.
2079076780 => nisi id scelerisque.
reverse content : 
2079076780 => nisi id scelerisque.
2071796201 => Phasellus ut rutrum ante.
1816448222 => nisi id scelerisque.
1699625757 => Phasellus ut rutrum ante.
1577576182 => nisi id scelerisque.
1456469273 => there are many tests
1061156730 => eget pretium velit vehicula et.
1032712258 => eget pretium velit vehicula et.
666125869 => there are many tests
empty : 1
size : 0
empty : 1
size : 0
empty : 0
size : 9
content : 
666125869 => there are many tests
1032712258 => eget pretium velit vehicula et.
1061156730 => eget pretium velit vehicula et.
1456469273 => there are many tests
1577576182 => nisi id scelerisque.
1699625757 => Phasellus ut rutrum ante.
1816448222 => nisi id scelerisque.
2071796201 => Phasellus ut rutrum ante.
2079076780 => nisi id scelerisque.
reverse content : 
2079076780 => nisi id scelerisque.
2071796201 => Phasellus ut rutrum ante.
1816448222 => nisi id scelerisque.
1699625757 => Phasellus ut rutrum ante.
1577576182 => nisi id scelerisque.
1456469273 => there are many tests
1061156730 => eget pretium velit vehicula et.
1032712258 => eget pretium velit vehicula et.
666125869 => there are many tests
TEST : 74
TEST : 74 - CONSTRUCTORS
empty : 1
size : 0
empty : 0
size : 9
content : 
666125869 => there are many tests
1032712258 => eget pretium velit vehicula et.
1061156730 => eget pretium velit vehicula et.
1456469273 => there are many tests
1577576182 => nisi id scelerisque.
1699625757 => Phasellus ut rutrum ante.
1816448222 => nisi id scelerisque.
2071796201 => Phasellus ut rutrum ante.
2079076780 => nisi id scelerisque.
reverse content : 
2079076780 => nisi id scelerisque.
2071796201 => Phasellus ut rutrum ante.
1816448222 => nisi id scelerisque.
1699625757 => Phasellus ut rutrum ante.
1577576182 => nisi id scelerisque.
1456469273 => there are many tests
1061156730 => eget pretium velit vehicula et.
1032712258 => eget pretium velit vehicula et.
666125869 => there are many tests
empty : 1
size : 0
empty : 0
size : 9
content : 
666125869 => there are many tests
1032712258 => eget pretium velit vehicula et.
1061156730 => eget pretium velit vehicula et.
1456469273 => there are many tests
1577576182 => nisi id scelerisque.
1699625757 => Phasellus ut rutrum ante.
1816448222 => nisi id scelerisque.
2071796201 => Phasellus ut rutrum ante.
2079076780 => nisi id scelerisque.
reverse content : 
2079076780 => nisi id scelerisque.
2071796201 => Phasellus ut rutrum ante.
1816448222 => nisi id scelerisque.
1699625757 => Phasellus ut rutrum ante.
1577576182 => nisi id scelerisque.
1456469273 => there are many tests
1061156730 => eget pretium velit vehicula et.
1032712258 => eget pretium velit vehicula et.
666125869 => there are many tests
TEST : 75
TEST : 75 - FAKE ALLOCATOR
Vade retro fake allocator
empty : 1
size : 0
empty : 0
size : 9
content : 
666125869 => there are many tests
1032712258 => eget pretium velit vehicula et.
1061156730 => eget pretium velit vehicula et.
1456469273 => there are many tests
1577576182 => nisi id scelerisque.
1699625757 => Phasellus ut rutrum ante.
1816448222 => nisi id scelerisque.
2071796201 => Phasellus ut rutrum ante.
2079076780 => nisi id scelerisque.
reverse content : 
2079076780 => nisi id scelerisque.
2071796201 => Phasellus ut rutrum ante.
1816448222 => nisi id scelerisque.
1699625757 => Phasellus ut rutrum ante.
1577576182 => nisi id scelerisque.
1456469273 => there are many tests
1061156730 => eget pretium velit vehicula et.
1032712258 => eget pretium velit vehicula et.
666125869 => there are many tests
TEST : 76
TEST : 76 - BOUNDS
eget pretium velit vehicula et.
empty : 1
size : 0
empty : 0
size : 9
content : 
666125869 => there are many tests
1032712258 => eget pretium velit vehicula et.
1061156730 => eget pretium velit vehicula et.
1456469273 => there are many tests
1577576182 => nisi id scelerisque.
1699625757 => Phasellus ut rutrum ante.
1816448222 => nisi id scelerisque.
2071796201 => Phasellus ut rutrum ante.
2079076780 => nisi id scelerisque.
reverse content : 
2079076780 => nisi id scelerisque.
2071796201 => Phasellus ut rutrum ante.
1816448222 => nisi id scelerisque.
1699625757 => Phasellus ut rutrum ante.
1577576182 => nisi id scelerisque.
1456469273 => there are many tests
1061156730 => eget pretium velit vehicula et.
1032712258 => eget pretium velit vehicula et.
666125869 => there are many tests
TEST : 77
TEST : 77 - BOUNDS
there are many tests
empty : 1
size : 0
empty : 0
size : 9
content : 
666125869 => there are many tests
1032712258 => eget pretium velit vehicula et.
1061156730 => eget pretium velit vehicula et.
1456469273 => there are many tests
1577576182 => nisi id scelerisque.
1699625757 => Phasellus ut rutrum ante.
1816448222 => nisi id scelerisque.
2071796201 => Phasellus ut rutrum ante.
2079076780 => nisi id scelerisque.
reverse content : 
2079076780 => nisi id scelerisque.
2071796201 => Phasellus ut rutrum ante.
1816448222 => nisi id scelerisque.
1699625757 => Phasellus ut rutrum ante.
1577576182 => nisi id scelerisque.
1456469273 => there are many tests
1061156730 => eget pretium velit vehicula et.
1032712258 => eget pretium velit vehicula et.
666125869 => there are many tests
TEST : 78
TEST : 78 - INSERT
pair<iterator,bool> insert (const value_type& val) test (1 if ok) : 1
pair<iterator,bool> insert (const value_type& val) test (1 if ok) : 1
empty : 0
size : 2
content : 
228128113 => consectetur adipiscing elit.
551122717 => consectetur adipiscing elit.
reverse content : 
551122717 => consectetur adipiscing elit.
228128113 => consectetur adipiscing elit.
empty : 0
size : 9
content : 
666125869 => there are many tests
1032712258 => eget pretium velit vehicula et.
1061156730 => eget pretium velit vehicula et.
1456469273 => there are many tests
1577576182 => nisi id scelerisque.
1699625757 => Phasellus ut rutrum ante.
1816448222 => nisi id scelerisque.
2071796201 => Phasellus ut rutrum ante.
2079076780 => nisi id scelerisque.
reverse content : 
2079076780 => nisi id scelerisque.
2071796201 => Phasellus ut rutrum ante.
1816448222 => nisi id scelerisque.
1699625757 => Phasellus ut rutrum ante.
1577576182 => nisi id scelerisque.
1456469273 => there are many tests
1061156730 => eget pretium velit vehicula et.
1032712258 => eget pretium velit vehicula et.
666125869 => there are many tests
TEST : 79
TEST : 79 - CLEAR
empty : 1
size : 0
empty : 0
size : 9
content : 
666125869 => there are many tests
1032712258 => eget pretium velit vehicula et.
1061156730 => eget pretium velit vehicula et.
1456469273 => there are many tests
1577576182 => nisi id scelerisque.
1699625757 => Phasellus ut rutrum ante.
1816448222 => nisi id scelerisque.
2071796201 => Phasellus ut rutrum ante.
2079076780 => nisi id scelerisque.
reverse content : 
2079076780 => nisi id scelerisque.
2071796201 => Phasellus ut rutrum ante.
1816448222 => nisi id scelerisque.
1699625757 => Phasellus ut rutrum ante.
1577576182 => nisi id scelerisque.
1456469273 => there are many tests
1061156730 => eget pretium velit vehicula et.
1032712258 => eget pretium velit vehicula et.
666125869 => there are many tests
TEST : 80
TEST : 80 - COPY CONSTRUCTOR
empty : 1
size : 0
empty : 0
size : 9
content : 
666125869 => there are many tests
1032712258 => eget pretium velit vehicula et.
1061156730 => eget pretium velit vehicula et.
1456469273 => there are many tests
1577576182 => nisi id scelerisque.
1699625757 => Phasellus ut rutrum ante.
1816448222 => nisi id scelerisque.
2071796201 => Phasellus ut rutrum ante.
2079076780 => nisi id scelerisque.
reverse content : 
2079076780 => nisi id scelerisque.
2071796201 => Phasellus ut rutrum ante.
1816448222 => nisi id scelerisque.
1699625757 => Phasellus ut rutrum ante.
1577576182 => nisi id scelerisque.
1456469273 => there are many tests
1061156730 => eget pretium velit vehicula et.
1032712258 => eget pretium velit vehicula et.
666125869 => there are many tests
empty : 1
size : 0
empty : 0
size : 9
content : 
666125869 => there are many tests
1032712258 => eget pretium velit vehicula et.
1061156730 => eget pretium velit vehicula et.
1456469273 => there are many tests
1577576182 => nisi id scelerisque.
1699625757 => Phasellus ut rutrum ante.
1816448222 => nisi id scelerisque.
2071796201 => Phasellus ut rutrum ante.
2079076780 => nisi id scelerisque.
reverse content : 
2079076780 => nisi id scelerisque.
2071796201 => Phasellus ut rutrum ante.
1816448222 => nisi id scelerisque.
1699625757 => Phasellus ut rutrum ante.
1577576182 => nisi id scelerisque.
1456469273 => there are many tests
1061156730 => eget pretium velit vehicula et.
1032712258 => eget pretium velit vehicula et.
666125869 => there are many tests
TEST : 81
TEST : 81 - BOUNDS
there are many tests
empty : 1
size : 0
empty : 0
size : 9
content : 
666125869 => there are many tests
1032712258 => eget pretium velit vehicula et.
1061156730 => eget pretium velit vehicula et.
1456469273 => there are many tests
1577576182 => nisi id scelerisque.
1699625757 => Phasellus ut rutrum ante.
1816448222 => nisi id scelerisque.
2071796201 => Phasellus ut rutrum ante.
2079076780 => nisi id scelerisque.
reverse content : 
2079076780 => nisi id scelerisque.
2071796201 => Phasellus ut rutrum ante.
1816448222 => nisi id scelerisque.
1699625757 => Phasellus ut rutrum ante.
1577576182 => nisi id scelerisque.
1456469273 => there are many tests
1061156730 => eget pretium velit vehicula et.
1032712258 => eget pretium velit vehicula et.
666125869 => there are many tests
TEST : 82
TEST : 82 - COPY CONSTRUCTOR
empty : 1
size : 0
empty : 0
size : 9
content : 
666125869 => there are many tests
1032712258 => eget pretium velit vehicula et.
1061156730 => eget pretium velit vehicula et.
1456469273 => there are many tests
1577576182 => nisi id scelerisque.
1699625757 => Phasellus ut rutrum ante.
1816448222 => nisi id scelerisque.
2071796201 => Phasellus ut rutrum ante.
2079076780 => nisi id scelerisque.
reverse content : 
2079076780 => nisi id scelerisque.
2071796201 => Phasellus ut rutrum ante.
1816448222 => nisi id scelerisque.
1699625757 => Phasellus ut rutrum ante.
1577576182 => nisi id scelerisque.
1456469273 => there are many tests
1061156730 => eget pretium velit vehicula et.
1032712258 => eget pretium velit vehicula et.
666125869 => there are many tests
empty : 1
size : 0
empty : 0
size : 9
content : 
666125869 => there are many tests
1032712258 => eget pretium velit vehicula et.
1061156730 => eget pretium velit vehicula et.
1456469273 => there are many tests
1577576182 => nisi id scelerisque.
1699625757 => Phasellus ut rutrum ante.
1816448222 => nisi id scelerisque.
2071796201 => Phasellus ut rutrum ante.
2079076780 => nisi id scelerisque.
reverse content : 
2079076780 => nisi id scelerisque.
2071796201 => Phasellus ut rutrum ante.
1816448222 => nisi id scelerisque.
1699625757 => Phasellus ut rutrum ante.
1577576182 => nisi id scelerisque.
1456469273 => there are many tests
1061156730 => eget pretium velit vehicula et.
1032712258 => eget pretium velit vehicula et.
666125869 => there are many tests
TEST : 83
TEST : 83 - INSERT
empty : 1
size : 0
empty : 0
size : 9
content : 
666125869 => there are many tests
1032712258 => eget pretium velit vehicula et.
1061156730 => eget pretium velit vehicula et.
1456469273 => there are many tests
1577576182 => nisi id scelerisque.
1699625757 => Phasellus ut rutrum ante.
1816448222 => nisi id scelerisque.
2071796201 => Phasellus ut rutrum ante.
2079076780 => nisi id scelerisque.
reverse content : 
2079076780 => nisi id scelerisque.
2071796201 => Phasellus ut rutrum ante.
1816448222 => nisi id scelerisque.
1699625757 => Phasellus ut rutrum ante.
1577576182 => nisi id scelerisque.
1456469273 => there are many tests
1061156730 => eget pretium velit vehicula et.
1032712258 => eget pretium velit vehicula et.
666125869 => there are many tests
TEST : 84
TEST : 84 - INSERT
pair<iterator,bool> insert (const value_type& val) test (1 if ok) : 1
pair<iterator,bool> insert (const value_type& val) test (1 if ok) : 1
pair<iterator,bool> insert (const value_type& val) test (1 if ok) : 1
pair<iterator,bool> insert (const value_type& val) test (1 if ok) : 1
pair<iterator,bool> insert (const value_type& val) test (1 if ok) : 1
pair<iterator,bool> insert (const value_type& val) test (1 if ok) : 1
pair<iterator,bool> insert (const value_type& val) test (1 if ok) : 1
pair<iterator,bool> insert (const value_type& val) test (1 if ok) : 1
empty : 1
size : 0
empty : 0
size : 17
content : 
367608652 => congue dictum. Fusce a ultrices
595736765 => nisi id scelerisque.
607661022 => all tests should pass
666125869 => there are many tests
704435674 => Sed vehicula tellus eu erat
1032712258 => eget pretium velit vehicula et.
1061156730 => eget pretium velit vehicula et.
1100953191 => 	
1155850712 => Lorem ipsum dolor sit amet
1359287685 => 
1456469273 => there are many tests
1577576182 => nisi id scelerisque.
1699625757 => Phasellus ut rutrum ante.
1816448222 => nisi id scelerisque.
1963969583 => Lorem ipsum dolor sit amet
2071796201 => Phasellus ut rutrum ante.
2079076780 => nisi id scelerisque.
reverse content : 
2079076780 => nisi id scelerisque.
2071796201 => Phasellus ut rutrum ante.
1963969583 => Lorem ipsum dolor sit amet
1816448222 => nisi id scelerisque.
1699625757 => Phasellus ut rutrum ante.
1577576182 => nisi id scelerisque.
1456469273 => there are many tests
1359287685 => 
1155850712 => Lorem ipsum dolor sit amet
1100953191 => 	
1061156730 => eget pretium velit vehicula et.
1032712258 => eget pretium velit vehicula et.
704435674 => Sed vehicula tellus eu erat
666125869 => there are many tests
607661022 => all tests should pass
595736765 => nisi id scelerisque.
367608652 => congue dictum. Fusce a ultrices
TEST : 85
TEST : 85 - OPERATOR=
empty : 0
size : 17
content : 
367608652 => congue dictum. Fusce a ultrices
595736765 => nisi id scelerisque.
607661022 => all tests should pass
666125869 => there are many tests
704435674 => Sed vehicula tellus eu erat
1032712258 => eget pretium velit vehicula et.
1061156730 => eget pretium velit vehicula et.
1100953191 => 	
1155850712 => Lorem ipsum dolor sit amet
1359287685 => 
1456469273 => there are many tests
1577576182 => nisi id scelerisque.
1699625757 => Phasellus ut rutrum ante.
1816448222 => nisi id scelerisque.
1963969583 => Lorem ipsum dolor sit amet
2071796201 => Phasellus ut rutrum ante.
2079076780 => nisi id scelerisque.
reverse content : 
2079076780 => nisi id scelerisque.
2071796201 => Phasellus ut rutrum ante.
1963969583 => Lorem ipsum dolor sit amet
1816448222 => nisi id scelerisque.
1699625757 => Phasellus ut rutrum ante.
1577576182 => nisi id scelerisque.
1456469273 => there are many tests
1359287685 => 
1155850712 => Lorem ipsum dolor sit amet
1100953191 => 	
1061156730 => eget pretium velit vehicula et.
1032712258 => eget pretium velit vehicula et.
704435674 => Sed vehicula tellus eu erat
666125869 => there are many tests
607661022 => all tests should pass
595736765 => nisi id scelerisque.
367608652 => congue dictum. Fusce a ultrices
empty : 0
size : 17
content : 
367608652 => congue dictum. Fusce a ultrices
595736765 => nisi id scelerisque.
607661022 => all tests should pass
666125869 => there are many tests
704435674 => Sed vehicula tellus eu erat
1032712258 => eget pretium velit vehicula et.
1061156730 => eget pretium velit vehicula et.
1100953191 => 	
1155850712 => Lorem ipsum dolor sit amet
1359287685 => 
1456469273 => there are many tests
1577576182 => nisi id scelerisque.
1699625757 => Phasellus ut rutrum ante.
1816448222 => nisi id scelerisque.
1963969583 => Lorem ipsum dolor sit amet
2071796201 => Phasellus ut rutrum ante.
2079076780 => nisi id scelerisque.
reverse content : 
2079076780 => nisi id scelerisque.
2071796201 => Phasellus ut rutrum ante.
1963969583 => Lorem ipsum dolor sit amet
1816448222 => nisi id scelerisque.
1699625757 => Phasellus ut rutrum ante.
1577576182 => nisi id scelerisque.
1456469273 => there are many tests
1359287685 => 
1155850712 => Lorem ipsum dolor sit amet
1100953191 => 	
1061156730 => eget pretium velit vehicula et.
1032712258 => eget pretium velit vehicula et.
704435674 => Sed vehicula tellus eu erat
666125869 => there are many tests
607661022 => all tests should pass
595736765 => nisi id scelerisque.
367608652 => congue dictum. Fusce a ultrices
empty : 1
size : 0
empty : 1
size : 0
TEST : 86
TEST : 86 - COPY CONSTRUCTOR
empty : 1
size : 0
empty : 1
size : 0
empty : 1
size : 0
empty : 1
size : 0
TEST : 87
TEST : 87 - FAKE ALLOCATOR
empty : 1
size : 0
empty : 1
size : 0
TEST : 88
TEST : 88 - CLEAR
empty : 1
size : 0
empty : 1
size : 0
TEST : 89
TEST : 89 - CONSTRUCTORS
empty : 1
size : 0
empty : 1
size : 0
empty : 1
size : 0
empty : 1
size : 0
TEST : 90
TEST : 90 - OPERATOR[]

empty : 0
size : 1
content : 
0 => 
reverse content : 
0 => 
empty : 1
size : 0
TEST : 91
TEST : 91 - COPY CONSTRUCTOR
empty : 0
size : 1
content : 
0 => 
reverse content : 
0 => 
empty : 1
size : 0
empty : 0
size : 1
content : 
0 => 
reverse content : 
0 => 
empty : 1
size : 0
TEST : 92
TEST : 92 - ERASE
empty : 1
size : 0
empty : 1
size : 0
TEST : 93
TEST : 93 - CONSTRUCTORS
empty : 1
size : 0
empty : 1
size : 0
empty : 1
size : 0
empty : 1
size : 0
TEST : 94
TEST : 94 - ERASE
empty : 1
size : 0
empty : 1
size : 0
TEST : 95
TEST : 95 - BOUNDS
empty : 1
size : 0
empty : 1
size : 0
TEST : 96
TEST : 96 - BOUNDS
empty : 1
size : 0
empty : 1
size : 0
TEST : 97
TEST : 97 - BOUNDS
empty : 1
size : 0
empty : 1
size : 0
TEST : 98
TEST : 98 - COPY CONSTRUCTOR
empty : 1
size : 0
empty : 1
size : 0
empty : 1
size : 0
empty : 1
size : 0
TEST : 99
TEST : 99 - OPERATOR=
empty : 1
size : 0
empty : 1
size : 0
empty : 1
size : 0
empty : 1
size : 0
TEST : 100
TEST : 100 - FAKE ALLOCATOR
empty : 1
size : 0
empty : 1
size : 0
TEST : 101
TEST : 101 - FAKE ALLOCATOR
empty : 1
size : 0
empty : 1
size : 0
TEST : 102
TEST : 102 - OPERATOR[]

empty : 0
size : 1
content : 
0 => 
reverse content : 
0 => 
empty : 1
size : 0
TEST : 103
TEST : 103 - FAKE ALLOCATOR
Vade retro fake allocator
empty : 0
size : 1
content : 
0 => 
reverse content : 
0 => 
empty : 1
size : 0
TEST : 104
TEST : 104 - BOUNDS
empty : 0
size : 1
content : 
0 => 
reverse content : 
0 => 
empty : 1
size : 0
TEST : 105
TEST : 105 - OPERATOR[]

empty : 0
size : 2
content : 
0 => 
1 => 
reverse content : 
1 => 
0 => 
empty : 1
size : 0
TEST : 106
TEST : 106 - CONSTRUCTORS
empty : 1
size : 0
empty : 0
size : 2
content : 
0 => 
1 => 
reverse content : 
1 => 
0 => 
empty : 0
size : 2
content : 
0 => 
1 => 
reverse content : 
1 => 
0 => 
empty : 1
size : 0
TEST : 107
TEST : 107 - BOUNDS

empty : 0
size : 2
content : 
0 => 
1 => 
reverse content : 
1 => 
0 => 
empty : 1
size : 0
TEST : 108
TEST : 108 - OPERATOR=
empty : 1
size : 0
empty : 1
size : 0
empty : 1
size : 0
empty : 0
size : 2
content : 
0 => 
1 => 
reverse content : 
1 => 
0 => 
TEST : 109
TEST : 109 - INSERT
0
empty : 1
size : 0
empty : 0
size : 2
content : 
0 => 
1 => 
reverse content : 
1 => 
0 => 
TEST : 110
TEST : 110 - CONSTRUCTORS
empty : 0
size : 2
content : 
0 => 
1 => 
reverse content : 
1 => 
0 => 
empty : 1
size : 0
empty : 1
size : 0
empty : 0
size : 2
content : 
0 => 
1 => 
reverse content : 
1 => 
0 => 
TEST : 111
TEST : 111 - CLEAR
empty : 1
size : 0
empty : 1
size : 0
TEST : 112
TEST : 112 - INSERT
empty : 1
size : 0
empty : 1
size : 0
TEST : 113
TEST : 113 - INSERT
empty : 1
size : 0
empty : 1
size : 0
TEST : 114
TEST : 114 - INSERT
pair<iterator,bool> insert (const value_type& val) test (1 if ok) : 1
pair<iterator,bool> insert (const value_type& val) test (1 if ok) : 1
pair<iterator,bool> insert (const value_type& val) test (1 if ok) : 1
pair<iterator,bool> insert (const value_type& val) test (1 if ok) : 1
pair<iterator,bool> insert (const value_type& val) test (1 if ok) : 1
pair<iterator,bool> insert (const value_type& val) test (1 if ok) : 1
pair<iterator,bool> insert (const value_type& val) test (1 if ok) : 1
empty : 0
size : 7
content : 
438032980 => eget pretium velit vehicula et.
564065693 => Phasellus ut rutrum ante.
970387781 => Lorem ipsum dolor sit amet
1043860433 => Curabitur elementum enim
1226973486 => Curabitur elementum enim
1288112046 => all tests should pass
2104896821 => This is a test
reverse content : 
2104896821 => This is a test
1288112046 => all tests should pass
1226973486 => Curabitur elementum enim
1043860433 => Curabitur elementum enim
970387781 => Lorem ipsum dolor sit amet
564065693 => Phasellus ut rutrum ante.
438032980 => eget pretium velit vehicula et.
empty : 1
size : 0
TEST : 115
TEST : 115 - FAKE ALLOCATOR
Vade retro fake allocator
empty : 0
size : 7
content : 
438032980 => eget pretium velit vehicula et.
564065693 => Phasellus ut rutrum ante.
970387781 => Lorem ipsum dolor sit amet
1043860433 => Curabitur elementum enim
1226973486 => Curabitur elementum enim
1288112046 => all tests should pass
2104896821 => This is a test
reverse content : 
2104896821 => This is a test
1288112046 => all tests should pass
1226973486 => Curabitur elementum enim
1043860433 => Curabitur elementum enim
970387781 => Lorem ipsum dolor sit amet
564065693 => Phasellus ut rutrum ante.
438032980 => eget pretium velit vehicula et.
empty : 1
size : 0
TEST : 116
TEST : 116 - FAKE ALLOCATOR
Vade retro fake allocator
empty : 0
size : 7
content : 
438032980 => eget pretium velit vehicula et.
564065693 => Phasellus ut rutrum ante.
970387781 => Lorem ipsum dolor sit amet
1043860433 => Curabitur elementum enim
1226973486 => Curabitur elementum enim
1288112046 => all tests should pass
2104896821 => This is a test
reverse content : 
2104896821 => This is a test
1288112046 => all tests should pass
1226973486 => Curabitur elementum enim
1043860433 => Curabitur elementum enim
970387781 => Lorem ipsum dolor sit amet
564065693 => Phasellus ut rutrum ante.
438032980 => eget pretium velit vehicula et.
empty : 1
size : 0
TEST : 117
TEST : 117 - ERASE
empty : 1
size : 0
empty : 1
size : 0
TEST : 118
TEST : 118 - COPY CONSTRUCTOR
empty : 1
size : 0
empty : 1
size : 0
empty : 1
size : 0
empty : 1
size : 0
TEST : 119
TEST : 119 - CONSTRUCTORS
empty : 1
size : 0
empty : 1
size : 0
empty : 1
size : 0
empty : 1
size : 0
TEST : 120
TEST : 120 - OPERATOR=
empty : 1
size : 0
empty : 1
size : 0
empty : 1
size : 0
empty : 1
size : 0
TEST : 121
TEST : 121 - INSERT
pair<iterator,bool> insert (const value_type& val) test (1 if ok) : 1
pair<iterator,bool> insert (const value_type& val) test (1 if ok) : 1
pair<iterator,bool> insert (const value_type& val) test (1 if ok) : 1
pair<iterator,bool> insert (const value_type& val) test (1 if ok) : 1
pair<iterator,bool> insert (const value_type& val) test (1 if ok) : 1
pair<iterator,bool> insert (const value_type& val) test (1 if ok) : 1
pair<iterator,bool> insert (const value_type& val) test (1 if ok) : 1
pair<iterator,bool> insert (const value_type& val) test (1 if ok) : 1
empty : 1
size : 0
empty : 0
size : 8
content : 
289961747 => 
413074796 => Praesent ullamcorper venenatis augue,
913277890 => consectetur adipiscing elit.
1039835075 => eget pretium velit vehicula et.
1705331861 => Curabitur elementum enim
1766340821 => 
1775800657 => a mi vestibulum eleifend.
2124776013 => a mi vestibulum eleifend.
reverse content : 
2124776013 => a mi vestibulum eleifend.
1775800657 => a mi vestibulum eleifend.
1766340821 => 
1705331861 => Curabitur elementum enim
1039835075 => eget pretium velit vehicula et.
913277890 => consectetur adipiscing elit.
413074796 => Praesent ullamcorper venenatis augue,
289961747 => 
TEST : 122
TEST : 122 - BOUNDS
a mi vestibulum eleifend.
empty : 1
size : 0
empty : 0
size : 8
content : 
289961747 => 
413074796 => Praesent ullamcorper venenatis augue,
913277890 => consectetur adipiscing elit.
1039835075 => eget pretium velit vehicula et.
1705331861 => Curabitur elementum enim
1766340821 => 
1775800657 => a mi vestibulum eleifend.
2124776013 => a mi vestibulum eleifend.
reverse content : 
2124776013 => a mi vestibulum eleifend.
1775800657 => a mi vestibulum eleifend.
1766340821 => 
1705331861 => Curabitur elementum enim
1039835075 => eget pretium velit vehicula et.
913277890 => consectetur adipiscing elit.
413074796 => Praesent ullamcorper venenatis augue,
289961747 => 
TEST : 123
TEST : 123 - COPY CONSTRUCTOR
empty : 0
size : 8
content : 
289961747 => 
413074796 => Praesent ullamcorper venenatis augue,
913277890 => consectetur adipiscing elit.
1039835075 => eget pretium velit vehicula et.
1705331861 => Curabitur elementum enim
1766340821 => 
1775800657 => a mi vestibulum eleifend.
2124776013 => a mi vestibulum eleifend.
reverse content : 
2124776013 => a mi vestibulum eleifend.
1775800657 => a mi vestibulum eleifend.
1766340821 => 
1705331861 => Curabitur elementum enim
1039835075 => eget pretium velit vehicula et.
913277890 => consectetur adipiscing elit.
413074796 => Praesent ullamcorper venenatis augue,
289961747 => 
empty : 1
size : 0
empty : 1
size : 0
empty : 0
size : 8
content : 
289961747 => 
413074796 => Praesent ullamcorper venenatis augue,
913277890 => consectetur adipiscing elit.
1039835075 => eget pretium velit vehicula et.
1705331861 => Curabitur elementum enim
1766340821 => 
1775800657 => a mi vestibulum eleifend.
2124776013 => a mi vestibulum eleifend.
reverse content : 
2124776013 => a mi vestibulum eleifend.
1775800657 => a mi vestibulum eleifend.
1766340821 => 
1705331861 => Curabitur elementum enim
1039835075 => eget pretium velit vehicula et.
913277890 => consectetur adipiscing elit.
413074796 => Praesent ullamcorper venenatis augue,
289961747 => 
TEST : 124
TEST : 124 - BOUNDS
empty : 1
size : 0
empty : 0
size : 8
content : 
289961747 => 
413074796 => Praesent ullamcorper venenatis augue,
913277890 => consectetur adipiscing elit.
1039835075 => eget pretium velit vehicula et.
1705331861 => Curabitur elementum enim
1766340821 => 
1775800657 => a mi vestibulum eleifend.
2124776013 => a mi vestibulum eleifend.
reverse content : 
2124776013 => a mi vestibulum eleifend.
1775800657 => a mi vestibulum eleifend.
1766340821 => 
1705331861 => Curabitur elementum enim
1039835075 => eget pretium velit vehicula et.
913277890 => consectetur adipiscing elit.
413074796 => Praesent ullamcorper venenatis augue,
289961747 => 
TEST : 125
TEST : 125 - OPERATOR[]


empty : 0
size : 1
content : 
0 => 
reverse content : 
0 => 
empty : 0
size : 9
content : 
1 => 
289961747 => 
413074796 => Praesent ullamcorper venenatis augue,
913277890 => consectetur adipiscing elit.
1039835075 => eget pretium velit vehicula et.
1705331861 => Curabitur elementum enim
1766340821 => 
1775800657 => a mi vestibulum eleifend.
2124776013 => a mi vestibulum eleifend.
reverse content : 
2124776013 => a mi vestibulum eleifend.
1775800657 => a mi vestibulum eleifend.
1766340821 => 
1705331861 => Curabitur elementum enim
1039835075 => eget pretium velit vehicula et.
913277890 => consectetur adipiscing elit.
413074796 => Praesent ullamcorper venenatis augue,
289961747 => 
1 => 
TEST : 126
TEST : 126 - BOUNDS

empty : 0
size : 1
content : 
0 => 
reverse content : 
0 => 
empty : 0
size : 9
content : 
1 => 
289961747 => 
413074796 => Praesent ullamcorper venenatis augue,
913277890 => consectetur adipiscing elit.
1039835075 => eget pretium velit vehicula et.
1705331861 => Curabitur elementum enim
1766340821 => 
1775800657 => a mi vestibulum eleifend.
2124776013 => a mi vestibulum eleifend.
reverse content : 
2124776013 => a mi vestibulum eleifend.
1775800657 => a mi vestibulum eleifend.
1766340821 => 
1705331861 => Curabitur elementum enim
1039835075 => eget pretium velit vehicula et.
913277890 => consectetur adipiscing elit.
413074796 => Praesent ullamcorper venenatis augue,
289961747 => 
1 => 
TEST : 127
TEST : 127 - INSERT
pair<iterator,bool> insert (const value_type& val) test (1 if ok) : 1
empty : 0
size : 1
content : 
0 => 
reverse content : 
0 => 
empty : 0
size : 10
content : 
1 => 
289961747 => 
413074796 => Praesent ullamcorper venenatis augue,
913277890 => consectetur adipiscing elit.
1039835075 => eget pretium velit vehicula et.
1235408928 => nisi id scelerisque.
1705331861 => Curabitur elementum enim
1766340821 => 
1775800657 => a mi vestibulum eleifend.
2124776013 => a mi vestibulum eleifend.
reverse content : 
2124776013 => a mi vestibulum eleifend.
1775800657 => a mi vestibulum eleifend.
1766340821 => 
1705331861 => Curabitur elementum enim
1235408928 => nisi id scelerisque.
1039835075 => eget pretium velit vehicula et.
913277890 => consectetur adipiscing elit.
413074796 => Praesent ullamcorper venenatis augue,
289961747 => 
1 => 
TEST : 128
TEST : 128 - CONSTRUCTORS
empty : 0
size : 1
content : 
0 => 
reverse content : 
0 => 
empty : 0
size : 10
content : 
1 => 
289961747 => 
413074796 => Praesent ullamcorper venenatis augue,
913277890 => consectetur adipiscing elit.
1039835075 => eget pretium velit vehicula et.
1235408928 => nisi id scelerisque.
1705331861 => Curabitur elementum enim
1766340821 => 
1775800657 => a mi vestibulum eleifend.
2124776013 => a mi vestibulum eleifend.
reverse content : 
2124776013 => a mi vestibulum eleifend.
1775800657 => a mi vestibulum eleifend.
1766340821 => 
1705331861 => Curabitur elementum enim
1235408928 => nisi id scelerisque.
1039835075 => eget pretium velit vehicula et.
913277890 => consectetur adipiscing elit.
413074796 => Praesent ullamcorper venenatis augue,
289961747 => 
1 => 
empty : 0
size : 1
content : 
0 => 
reverse content : 
0 => 
empty : 0
size : 10
content : 
1 => 
289961747 => 
413074796 => Praesent ullamcorper venenatis augue,
913277890 => consectetur adipiscing elit.
1039835075 => eget pretium velit vehicula et.
1235408928 => nisi id scelerisque.
1705331861 => Curabitur elementum enim
1766340821 => 
1775800657 => a mi vestibulum eleifend.
2124776013 => a mi vestibulum eleifend.
reverse content : 
2124776013 => a mi vestibulum eleifend.
1775800657 => a mi vestibulum eleifend.
1766340821 => 
1705331861 => Curabitur elementum enim
1235408928 => nisi id scelerisque.
1039835075 => eget pretium velit vehicula et.
913277890 => consectetur adipiscing elit.
413074796 => Praesent ullamcorper venenatis augue,
289961747 => 
1 => 
TEST : 129
TEST : 129 - ERASE
